<?xml version="1.0" encoding="UTF-8"?>
<coverage generated="1603998651096" clover="3.2.0">
  <project timestamp="1603998651096" name="All files">
    <metrics statements="100" coveredstatements="95" conditionals="20" coveredconditionals="15" methods="25" coveredmethods="22" elements="145" coveredelements="132" complexity="0" loc="100" ncloc="100" packages="1" files="1" classes="1"/>
    <file name="index.js" path="C:\Users\Estudiante\LIM013-fe-md-links\src\index.js">
      <metrics statements="100" coveredstatements="95" conditionals="20" coveredconditionals="15" methods="25" coveredmethods="22"/>
      <line num="5" count="1" type="stmt"/>
      <line num="6" count="1" type="stmt"/>
      <line num="7" count="1" type="stmt"/>
      <line num="8" count="1" type="stmt"/>
      <line num="9" count="1" type="stmt"/>
      <line num="10" count="1" type="stmt"/>
      <line num="16" count="1" type="stmt"/>
      <line num="17" count="4" type="stmt"/>
      <line num="18" count="4" type="stmt"/>
      <line num="24" count="1" type="stmt"/>
      <line num="25" count="10" type="stmt"/>
      <line num="26" count="10" type="stmt"/>
      <line num="32" count="1" type="stmt"/>
      <line num="33" count="2" type="stmt"/>
      <line num="34" count="2" type="stmt"/>
      <line num="40" count="1" type="stmt"/>
      <line num="41" count="4" type="stmt"/>
      <line num="42" count="4" type="stmt"/>
      <line num="43" count="4" type="stmt"/>
      <line num="49" count="1" type="stmt"/>
      <line num="50" count="3" type="stmt"/>
      <line num="51" count="3" type="stmt"/>
      <line num="52" count="3" type="stmt"/>
      <line num="58" count="1" type="stmt"/>
      <line num="59" count="1" type="stmt"/>
      <line num="60" count="1" type="stmt"/>
      <line num="66" count="1" type="stmt"/>
      <line num="67" count="1" type="stmt"/>
      <line num="68" count="1" type="stmt"/>
      <line num="74" count="1" type="stmt"/>
      <line num="75" count="2" type="stmt"/>
      <line num="76" count="2" type="stmt"/>
      <line num="77" count="2" type="stmt"/>
      <line num="79" count="7" type="stmt"/>
      <line num="80" count="7" type="cond" truecount="2" falsecount="0"/>
      <line num="81" count="5" type="stmt"/>
      <line num="84" count="2" type="stmt"/>
      <line num="90" count="1" type="stmt"/>
      <line num="91" count="8" type="stmt"/>
      <line num="92" count="8" type="cond" truecount="2" falsecount="0"/>
      <line num="93" count="7" type="stmt"/>
      <line num="94" count="7" type="stmt"/>
      <line num="96" count="1" type="stmt"/>
      <line num="97" count="1" type="stmt"/>
      <line num="104" count="1" type="stmt"/>
      <line num="105" count="3" type="stmt"/>
      <line num="106" count="3" type="stmt"/>
      <line num="107" count="3" type="cond" truecount="1" falsecount="1"/>
      <line num="109" count="3" type="stmt"/>
      <line num="110" count="3" type="stmt"/>
      <line num="111" count="3" type="stmt"/>
      <line num="112" count="3" type="stmt"/>
      <line num="113" count="3" type="stmt"/>
      <line num="119" count="3" type="stmt"/>
      <line num="126" count="1" type="stmt"/>
      <line num="127" count="1" type="stmt"/>
      <line num="128" count="1" type="stmt"/>
      <line num="129" count="1" type="stmt"/>
      <line num="130" count="1" type="stmt"/>
      <line num="131" count="1" type="cond" truecount="1" falsecount="1"/>
      <line num="133" count="1" type="stmt"/>
      <line num="134" count="1" type="stmt"/>
      <line num="136" count="1" type="stmt"/>
      <line num="137" count="1" type="stmt"/>
      <line num="138" count="2" type="stmt"/>
      <line num="139" count="2" type="stmt"/>
      <line num="140" count="2" type="stmt"/>
      <line num="141" count="2" type="stmt"/>
      <line num="142" count="10" type="stmt"/>
      <line num="149" count="1" type="stmt"/>
      <line num="160" count="1" type="stmt"/>
      <line num="161" count="1" type="stmt"/>
      <line num="162" count="0" type="stmt"/>
      <line num="169" count="0" type="stmt"/>
      <line num="176" count="1" type="stmt"/>
      <line num="186" count="1" type="stmt"/>
      <line num="187" count="3" type="stmt"/>
      <line num="188" count="3" type="cond" truecount="2" falsecount="0"/>
      <line num="190" count="3" type="stmt"/>
      <line num="191" count="3" type="stmt"/>
      <line num="192" count="3" type="cond" truecount="2" falsecount="0"/>
      <line num="193" count="1" type="stmt"/>
      <line num="195" count="2" type="stmt"/>
      <line num="200" count="1" type="stmt"/>
      <line num="209" count="1" type="stmt"/>
      <line num="218" count="1" type="stmt"/>
      <line num="219" count="2" type="stmt"/>
      <line num="220" count="2" type="stmt"/>
      <line num="221" count="2" type="cond" truecount="1" falsecount="1"/>
      <line num="222" count="2" type="stmt"/>
      <line num="223" count="2" type="cond" truecount="1" falsecount="1"/>
      <line num="224" count="2" type="stmt"/>
      <line num="226" count="2" type="cond" truecount="1" falsecount="1"/>
      <line num="227" count="2" type="stmt"/>
      <line num="229" count="0" type="stmt"/>
      <line num="231" count="2" type="cond" truecount="2" falsecount="0"/>
      <line num="232" count="1" type="stmt"/>
      <line num="234" count="0" type="stmt"/>
      <line num="237" count="1" type="stmt"/>
      <line num="241" count="0" type="stmt"/>
    </file>
  </project>
</coverage>
