{"C:\\Users\\Estudiante\\LIM013-fe-md-links\\src\\index.js": {"path":"C:\\Users\\Estudiante\\LIM013-fe-md-links\\src\\index.js","statementMap":{"0":{"start":{"line":5,"column":13},"end":{"line":5,"column":28}},"1":{"start":{"line":6,"column":11},"end":{"line":6,"column":24}},"2":{"start":{"line":7,"column":15},"end":{"line":7,"column":32}},"3":{"start":{"line":8,"column":14},"end":{"line":8,"column":30}},"4":{"start":{"line":9,"column":18},"end":{"line":9,"column":23}},"5":{"start":{"line":10,"column":14},"end":{"line":10,"column":35}},"6":{"start":{"line":16,"column":27},"end":{"line":19,"column":1}},"7":{"start":{"line":17,"column":20},"end":{"line":17,"column":41}},"8":{"start":{"line":18,"column":2},"end":{"line":18,"column":19}},"9":{"start":{"line":24,"column":30},"end":{"line":27,"column":1}},"10":{"start":{"line":25,"column":26},"end":{"line":25,"column":49}},"11":{"start":{"line":26,"column":2},"end":{"line":26,"column":25}},"12":{"start":{"line":32,"column":33},"end":{"line":35,"column":1}},"13":{"start":{"line":33,"column":26},"end":{"line":33,"column":46}},"14":{"start":{"line":34,"column":2},"end":{"line":34,"column":25}},"15":{"start":{"line":40,"column":30},"end":{"line":44,"column":1}},"16":{"start":{"line":41,"column":16},"end":{"line":41,"column":35}},"17":{"start":{"line":42,"column":19},"end":{"line":42,"column":33}},"18":{"start":{"line":43,"column":2},"end":{"line":43,"column":18}},"19":{"start":{"line":49,"column":35},"end":{"line":53,"column":1}},"20":{"start":{"line":50,"column":16},"end":{"line":50,"column":35}},"21":{"start":{"line":51,"column":24},"end":{"line":51,"column":43}},"22":{"start":{"line":52,"column":2},"end":{"line":52,"column":23}},"23":{"start":{"line":58,"column":24},"end":{"line":61,"column":1}},"24":{"start":{"line":59,"column":22},"end":{"line":59,"column":42}},"25":{"start":{"line":60,"column":2},"end":{"line":60,"column":21}},"26":{"start":{"line":66,"column":31},"end":{"line":69,"column":1}},"27":{"start":{"line":67,"column":22},"end":{"line":67,"column":53}},"28":{"start":{"line":68,"column":2},"end":{"line":68,"column":21}},"29":{"start":{"line":74,"column":33},"end":{"line":85,"column":1}},"30":{"start":{"line":75,"column":20},"end":{"line":75,"column":42}},"31":{"start":{"line":76,"column":31},"end":{"line":76,"column":33}},"32":{"start":{"line":77,"column":2},"end":{"line":83,"column":5}},"33":{"start":{"line":79,"column":25},"end":{"line":79,"column":52}},"34":{"start":{"line":80,"column":4},"end":{"line":82,"column":5}},"35":{"start":{"line":81,"column":6},"end":{"line":81,"column":46}},"36":{"start":{"line":84,"column":2},"end":{"line":84,"column":30}},"37":{"start":{"line":90,"column":26},"end":{"line":99,"column":1}},"38":{"start":{"line":91,"column":26},"end":{"line":91,"column":48}},"39":{"start":{"line":92,"column":2},"end":{"line":98,"column":3}},"40":{"start":{"line":93,"column":28},"end":{"line":93,"column":34}},"41":{"start":{"line":94,"column":4},"end":{"line":94,"column":27}},"42":{"start":{"line":96,"column":28},"end":{"line":96,"column":53}},"43":{"start":{"line":97,"column":4},"end":{"line":97,"column":27}},"44":{"start":{"line":104,"column":34},"end":{"line":121,"column":1}},"45":{"start":{"line":105,"column":26},"end":{"line":105,"column":28}},"46":{"start":{"line":106,"column":26},"end":{"line":106,"column":44}},"47":{"start":{"line":107,"column":2},"end":{"line":120,"column":3}},"48":{"start":{"line":109,"column":24},"end":{"line":109,"column":55}},"49":{"start":{"line":110,"column":16},"end":{"line":110,"column":46}},"50":{"start":{"line":111,"column":22},"end":{"line":111,"column":63}},"51":{"start":{"line":112,"column":4},"end":{"line":118,"column":6}},"52":{"start":{"line":113,"column":6},"end":{"line":117,"column":8}},"53":{"start":{"line":119,"column":4},"end":{"line":119,"column":27}},"54":{"start":{"line":126,"column":42},"end":{"line":150,"column":1}},"55":{"start":{"line":127,"column":26},"end":{"line":127,"column":28}},"56":{"start":{"line":128,"column":34},"end":{"line":128,"column":36}},"57":{"start":{"line":129,"column":26},"end":{"line":129,"column":44}},"58":{"start":{"line":130,"column":24},"end":{"line":130,"column":60}},"59":{"start":{"line":131,"column":2},"end":{"line":135,"column":3}},"60":{"start":{"line":133,"column":33},"end":{"line":133,"column":67}},"61":{"start":{"line":134,"column":4},"end":{"line":134,"column":47}},"62":{"start":{"line":136,"column":26},"end":{"line":136,"column":62}},"63":{"start":{"line":137,"column":2},"end":{"line":148,"column":4}},"64":{"start":{"line":138,"column":24},"end":{"line":138,"column":53}},"65":{"start":{"line":139,"column":16},"end":{"line":139,"column":46}},"66":{"start":{"line":140,"column":22},"end":{"line":140,"column":63}},"67":{"start":{"line":141,"column":4},"end":{"line":147,"column":6}},"68":{"start":{"line":142,"column":6},"end":{"line":146,"column":8}},"69":{"start":{"line":149,"column":2},"end":{"line":149,"column":33}},"70":{"start":{"line":160,"column":29},"end":{"line":177,"column":1}},"71":{"start":{"line":161,"column":19},"end":{"line":175,"column":8}},"72":{"start":{"line":161,"column":46},"end":{"line":175,"column":7}},"73":{"start":{"line":162,"column":18},"end":{"line":168,"column":5}},"74":{"start":{"line":169,"column":18},"end":{"line":175,"column":5}},"75":{"start":{"line":176,"column":2},"end":{"line":176,"column":31}},"76":{"start":{"line":186,"column":21},"end":{"line":197,"column":1}},"77":{"start":{"line":187,"column":21},"end":{"line":187,"column":57}},"78":{"start":{"line":187,"column":47},"end":{"line":187,"column":56}},"79":{"start":{"line":188,"column":27},"end":{"line":188,"column":96}},"80":{"start":{"line":188,"column":56},"end":{"line":188,"column":95}},"81":{"start":{"line":190,"column":16},"end":{"line":190,"column":35}},"82":{"start":{"line":191,"column":17},"end":{"line":191,"column":43}},"83":{"start":{"line":192,"column":2},"end":{"line":196,"column":3}},"84":{"start":{"line":193,"column":4},"end":{"line":193,"column":56}},"85":{"start":{"line":195,"column":4},"end":{"line":195,"column":95}},"86":{"start":{"line":200,"column":0},"end":{"line":208,"column":1}},"87":{"start":{"line":209,"column":0},"end":{"line":209,"column":52}},"88":{"start":{"line":218,"column":23},"end":{"line":244,"column":1}},"89":{"start":{"line":219,"column":2},"end":{"line":243,"column":4}},"90":{"start":{"line":220,"column":22},"end":{"line":220,"column":41}},"91":{"start":{"line":221,"column":4},"end":{"line":242,"column":5}},"92":{"start":{"line":222,"column":30},"end":{"line":222,"column":48}},"93":{"start":{"line":223,"column":6},"end":{"line":239,"column":7}},"94":{"start":{"line":224,"column":25},"end":{"line":224,"column":47}},"95":{"start":{"line":226,"column":8},"end":{"line":230,"column":9}},"96":{"start":{"line":227,"column":10},"end":{"line":227,"column":54}},"97":{"start":{"line":229,"column":10},"end":{"line":229,"column":62}},"98":{"start":{"line":231,"column":8},"end":{"line":238,"column":9}},"99":{"start":{"line":232,"column":10},"end":{"line":235,"column":13}},"100":{"start":{"line":234,"column":12},"end":{"line":234,"column":35}},"101":{"start":{"line":237,"column":10},"end":{"line":237,"column":34}},"102":{"start":{"line":241,"column":6},"end":{"line":241,"column":42}}},"fnMap":{"0":{"name":"(anonymous_0)","decl":{"start":{"line":16,"column":27},"end":{"line":16,"column":28}},"loc":{"start":{"line":16,"column":39},"end":{"line":19,"column":1}},"line":16},"1":{"name":"(anonymous_1)","decl":{"start":{"line":24,"column":30},"end":{"line":24,"column":31}},"loc":{"start":{"line":24,"column":42},"end":{"line":27,"column":1}},"line":24},"2":{"name":"(anonymous_2)","decl":{"start":{"line":32,"column":33},"end":{"line":32,"column":34}},"loc":{"start":{"line":32,"column":45},"end":{"line":35,"column":1}},"line":32},"3":{"name":"(anonymous_3)","decl":{"start":{"line":40,"column":30},"end":{"line":40,"column":31}},"loc":{"start":{"line":40,"column":42},"end":{"line":44,"column":1}},"line":40},"4":{"name":"(anonymous_4)","decl":{"start":{"line":49,"column":35},"end":{"line":49,"column":36}},"loc":{"start":{"line":49,"column":47},"end":{"line":53,"column":1}},"line":49},"5":{"name":"(anonymous_5)","decl":{"start":{"line":58,"column":24},"end":{"line":58,"column":25}},"loc":{"start":{"line":58,"column":36},"end":{"line":61,"column":1}},"line":58},"6":{"name":"(anonymous_6)","decl":{"start":{"line":66,"column":31},"end":{"line":66,"column":32}},"loc":{"start":{"line":66,"column":43},"end":{"line":69,"column":1}},"line":66},"7":{"name":"(anonymous_7)","decl":{"start":{"line":74,"column":33},"end":{"line":74,"column":34}},"loc":{"start":{"line":74,"column":45},"end":{"line":85,"column":1}},"line":74},"8":{"name":"(anonymous_8)","decl":{"start":{"line":77,"column":20},"end":{"line":77,"column":21}},"loc":{"start":{"line":77,"column":34},"end":{"line":83,"column":3}},"line":77},"9":{"name":"(anonymous_9)","decl":{"start":{"line":90,"column":26},"end":{"line":90,"column":27}},"loc":{"start":{"line":90,"column":38},"end":{"line":99,"column":1}},"line":90},"10":{"name":"(anonymous_10)","decl":{"start":{"line":104,"column":34},"end":{"line":104,"column":35}},"loc":{"start":{"line":104,"column":46},"end":{"line":121,"column":1}},"line":104},"11":{"name":"(anonymous_11)","decl":{"start":{"line":112,"column":22},"end":{"line":112,"column":23}},"loc":{"start":{"line":112,"column":34},"end":{"line":118,"column":5}},"line":112},"12":{"name":"(anonymous_12)","decl":{"start":{"line":126,"column":42},"end":{"line":126,"column":43}},"loc":{"start":{"line":126,"column":54},"end":{"line":150,"column":1}},"line":126},"13":{"name":"(anonymous_13)","decl":{"start":{"line":137,"column":26},"end":{"line":137,"column":27}},"loc":{"start":{"line":137,"column":36},"end":{"line":148,"column":3}},"line":137},"14":{"name":"(anonymous_14)","decl":{"start":{"line":141,"column":22},"end":{"line":141,"column":23}},"loc":{"start":{"line":141,"column":34},"end":{"line":147,"column":5}},"line":141},"15":{"name":"(anonymous_15)","decl":{"start":{"line":160,"column":29},"end":{"line":160,"column":30}},"loc":{"start":{"line":160,"column":49},"end":{"line":177,"column":1}},"line":160},"16":{"name":"(anonymous_16)","decl":{"start":{"line":161,"column":38},"end":{"line":161,"column":39}},"loc":{"start":{"line":161,"column":46},"end":{"line":175,"column":7}},"line":161},"17":{"name":"(anonymous_17)","decl":{"start":{"line":162,"column":10},"end":{"line":162,"column":11}},"loc":{"start":{"line":162,"column":18},"end":{"line":168,"column":5}},"line":162},"18":{"name":"(anonymous_18)","decl":{"start":{"line":169,"column":11},"end":{"line":169,"column":12}},"loc":{"start":{"line":169,"column":18},"end":{"line":175,"column":5}},"line":169},"19":{"name":"(anonymous_19)","decl":{"start":{"line":186,"column":21},"end":{"line":186,"column":22}},"loc":{"start":{"line":186,"column":49},"end":{"line":197,"column":1}},"line":186},"20":{"name":"(anonymous_20)","decl":{"start":{"line":187,"column":39},"end":{"line":187,"column":40}},"loc":{"start":{"line":187,"column":47},"end":{"line":187,"column":56}},"line":187},"21":{"name":"(anonymous_21)","decl":{"start":{"line":188,"column":48},"end":{"line":188,"column":49}},"loc":{"start":{"line":188,"column":56},"end":{"line":188,"column":95}},"line":188},"22":{"name":"(anonymous_22)","decl":{"start":{"line":218,"column":23},"end":{"line":218,"column":24}},"loc":{"start":{"line":218,"column":44},"end":{"line":244,"column":1}},"line":218},"23":{"name":"(anonymous_23)","decl":{"start":{"line":219,"column":21},"end":{"line":219,"column":22}},"loc":{"start":{"line":219,"column":42},"end":{"line":243,"column":3}},"line":219},"24":{"name":"(anonymous_24)","decl":{"start":{"line":233,"column":16},"end":{"line":233,"column":17}},"loc":{"start":{"line":233,"column":33},"end":{"line":235,"column":11}},"line":233}},"branchMap":{"0":{"loc":{"start":{"line":80,"column":4},"end":{"line":82,"column":5}},"type":"if","locations":[{"start":{"line":80,"column":4},"end":{"line":82,"column":5}},{"start":{"line":80,"column":4},"end":{"line":82,"column":5}}],"line":80},"1":{"loc":{"start":{"line":92,"column":2},"end":{"line":98,"column":3}},"type":"if","locations":[{"start":{"line":92,"column":2},"end":{"line":98,"column":3}},{"start":{"line":92,"column":2},"end":{"line":98,"column":3}}],"line":92},"2":{"loc":{"start":{"line":107,"column":2},"end":{"line":120,"column":3}},"type":"if","locations":[{"start":{"line":107,"column":2},"end":{"line":120,"column":3}},{"start":{"line":107,"column":2},"end":{"line":120,"column":3}}],"line":107},"3":{"loc":{"start":{"line":131,"column":2},"end":{"line":135,"column":3}},"type":"if","locations":[{"start":{"line":131,"column":2},"end":{"line":135,"column":3}},{"start":{"line":131,"column":2},"end":{"line":135,"column":3}}],"line":131},"4":{"loc":{"start":{"line":188,"column":56},"end":{"line":188,"column":95}},"type":"binary-expr","locations":[{"start":{"line":188,"column":56},"end":{"line":188,"column":73}},{"start":{"line":188,"column":77},"end":{"line":188,"column":95}}],"line":188},"5":{"loc":{"start":{"line":192,"column":2},"end":{"line":196,"column":3}},"type":"if","locations":[{"start":{"line":192,"column":2},"end":{"line":196,"column":3}},{"start":{"line":192,"column":2},"end":{"line":196,"column":3}}],"line":192},"6":{"loc":{"start":{"line":221,"column":4},"end":{"line":242,"column":5}},"type":"if","locations":[{"start":{"line":221,"column":4},"end":{"line":242,"column":5}},{"start":{"line":221,"column":4},"end":{"line":242,"column":5}}],"line":221},"7":{"loc":{"start":{"line":223,"column":6},"end":{"line":239,"column":7}},"type":"if","locations":[{"start":{"line":223,"column":6},"end":{"line":239,"column":7}},{"start":{"line":223,"column":6},"end":{"line":239,"column":7}}],"line":223},"8":{"loc":{"start":{"line":226,"column":8},"end":{"line":230,"column":9}},"type":"if","locations":[{"start":{"line":226,"column":8},"end":{"line":230,"column":9}},{"start":{"line":226,"column":8},"end":{"line":230,"column":9}}],"line":226},"9":{"loc":{"start":{"line":231,"column":8},"end":{"line":238,"column":9}},"type":"if","locations":[{"start":{"line":231,"column":8},"end":{"line":238,"column":9}},{"start":{"line":231,"column":8},"end":{"line":238,"column":9}}],"line":231}},"s":{"0":1,"1":1,"2":1,"3":1,"4":1,"5":1,"6":1,"7":4,"8":4,"9":1,"10":10,"11":10,"12":1,"13":2,"14":2,"15":1,"16":4,"17":4,"18":4,"19":1,"20":3,"21":3,"22":3,"23":1,"24":1,"25":1,"26":1,"27":1,"28":1,"29":1,"30":2,"31":2,"32":2,"33":7,"34":7,"35":5,"36":2,"37":1,"38":8,"39":8,"40":7,"41":7,"42":1,"43":1,"44":1,"45":3,"46":3,"47":3,"48":3,"49":3,"50":3,"51":3,"52":3,"53":3,"54":1,"55":1,"56":1,"57":1,"58":1,"59":1,"60":1,"61":1,"62":1,"63":1,"64":2,"65":2,"66":2,"67":2,"68":10,"69":1,"70":1,"71":1,"72":1,"73":0,"74":0,"75":1,"76":1,"77":3,"78":3,"79":3,"80":3,"81":3,"82":3,"83":3,"84":1,"85":2,"86":1,"87":1,"88":1,"89":2,"90":2,"91":2,"92":2,"93":2,"94":2,"95":2,"96":2,"97":0,"98":2,"99":1,"100":0,"101":1,"102":0},"f":{"0":4,"1":10,"2":2,"3":4,"4":3,"5":1,"6":1,"7":2,"8":7,"9":8,"10":3,"11":3,"12":1,"13":2,"14":10,"15":1,"16":1,"17":0,"18":0,"19":3,"20":3,"21":3,"22":2,"23":2,"24":0},"b":{"0":[5,2],"1":[7,1],"2":[3,0],"3":[1,0],"4":[3,3],"5":[1,2],"6":[2,0],"7":[2,0],"8":[2,0],"9":[1,1]},"_coverageSchema":"1a1c01bbd47fc00a2c39e90264f33305004495a9","hash":"76ae22921e735e93ee596ff75d0cfa45c2df9f80"}
}
