TN:
SF:src\index.js
FN:16,(anonymous_0)
FN:24,(anonymous_1)
FN:32,(anonymous_2)
FN:40,(anonymous_3)
FN:49,(anonymous_4)
FN:58,(anonymous_5)
FN:66,(anonymous_6)
FN:74,(anonymous_7)
FN:77,(anonymous_8)
FN:90,(anonymous_9)
FN:104,(anonymous_10)
FN:112,(anonymous_11)
FN:126,(anonymous_12)
FN:137,(anonymous_13)
FN:141,(anonymous_14)
FN:160,(anonymous_15)
FN:161,(anonymous_16)
FN:162,(anonymous_17)
FN:169,(anonymous_18)
FN:186,(anonymous_19)
FN:187,(anonymous_20)
FN:188,(anonymous_21)
FN:218,(anonymous_22)
FN:219,(anonymous_23)
FN:233,(anonymous_24)
FNF:25
FNH:22
FNDA:4,(anonymous_0)
FNDA:10,(anonymous_1)
FNDA:2,(anonymous_2)
FNDA:4,(anonymous_3)
FNDA:3,(anonymous_4)
FNDA:1,(anonymous_5)
FNDA:1,(anonymous_6)
FNDA:2,(anonymous_7)
FNDA:7,(anonymous_8)
FNDA:8,(anonymous_9)
FNDA:3,(anonymous_10)
FNDA:3,(anonymous_11)
FNDA:1,(anonymous_12)
FNDA:2,(anonymous_13)
FNDA:10,(anonymous_14)
FNDA:1,(anonymous_15)
FNDA:1,(anonymous_16)
FNDA:0,(anonymous_17)
FNDA:0,(anonymous_18)
FNDA:3,(anonymous_19)
FNDA:3,(anonymous_20)
FNDA:3,(anonymous_21)
FNDA:2,(anonymous_22)
FNDA:2,(anonymous_23)
FNDA:0,(anonymous_24)
DA:5,1
DA:6,1
DA:7,1
DA:8,1
DA:9,1
DA:10,1
DA:16,1
DA:17,4
DA:18,4
DA:24,1
DA:25,10
DA:26,10
DA:32,1
DA:33,2
DA:34,2
DA:40,1
DA:41,4
DA:42,4
DA:43,4
DA:49,1
DA:50,3
DA:51,3
DA:52,3
DA:58,1
DA:59,1
DA:60,1
DA:66,1
DA:67,1
DA:68,1
DA:74,1
DA:75,2
DA:76,2
DA:77,2
DA:79,7
DA:80,7
DA:81,5
DA:84,2
DA:90,1
DA:91,8
DA:92,8
DA:93,7
DA:94,7
DA:96,1
DA:97,1
DA:104,1
DA:105,3
DA:106,3
DA:107,3
DA:109,3
DA:110,3
DA:111,3
DA:112,3
DA:113,3
DA:119,3
DA:126,1
DA:127,1
DA:128,1
DA:129,1
DA:130,1
DA:131,1
DA:133,1
DA:134,1
DA:136,1
DA:137,1
DA:138,2
DA:139,2
DA:140,2
DA:141,2
DA:142,10
DA:149,1
DA:160,1
DA:161,1
DA:162,0
DA:169,0
DA:176,1
DA:186,1
DA:187,3
DA:188,3
DA:190,3
DA:191,3
DA:192,3
DA:193,1
DA:195,2
DA:200,1
DA:209,1
DA:218,1
DA:219,2
DA:220,2
DA:221,2
DA:222,2
DA:223,2
DA:224,2
DA:226,2
DA:227,2
DA:229,0
DA:231,2
DA:232,1
DA:234,0
DA:237,1
DA:241,0
LF:100
LH:95
BRDA:80,0,0,5
BRDA:80,0,1,2
BRDA:92,1,0,7
BRDA:92,1,1,1
BRDA:107,2,0,3
BRDA:107,2,1,0
BRDA:131,3,0,1
BRDA:131,3,1,0
BRDA:188,4,0,3
BRDA:188,4,1,3
BRDA:192,5,0,1
BRDA:192,5,1,2
BRDA:221,6,0,2
BRDA:221,6,1,0
BRDA:223,7,0,2
BRDA:223,7,1,0
BRDA:226,8,0,2
BRDA:226,8,1,0
BRDA:231,9,0,1
BRDA:231,9,1,1
BRF:20
BRH:15
end_of_record
